[{"line":2,"elements":[{"line":4,"name":"Trying to remove the repititive step present in all scenarios","description":"","type":"background","keyword":"Background","steps":[{"result":{"duration":465782100,"status":"passed"},"line":5,"name":"User navigates to LoginPage","match":{"arguments":[{"val":"navigates","offset":5}],"location":"step_definitions.Login.user_navigates_to_loginpage(java.lang.String)"},"keyword":"Given "},{"result":{"duration":476942900,"status":"passed"},"line":6,"name":"User clicks on Login button","match":{"location":"step_definitions.Login.user_clicks_on_login_button()"},"keyword":"And "}]},{"start_timestamp":"2023-11-25T19:30:59.671Z","before":[{"result":{"duration":5671157800,"status":"passed"},"match":{"location":"com.bdd.learning.Hooks.MyHooks.setup()"}}],"line":9,"name":"Login with valid credentials","description":"","id":"login-functionality-of-tutorialsninja;login-with-valid-credentials","after":[{"result":{"duration":116752800,"status":"passed"},"match":{"location":"com.bdd.learning.Hooks.MyHooks.tearDown()"}}],"type":"scenario","keyword":"Scenario","steps":[{"result":{"duration":102588400,"status":"passed"},"line":10,"name":"User enters valid email 'seleniumpanda@gmail.com'","match":{"arguments":[{"val":"'seleniumpanda@gmail.com'","offset":24}],"location":"step_definitions.Login.user_enters_valid_email(java.lang.String)"},"keyword":"When "},{"result":{"duration":57973000,"status":"passed"},"line":11,"name":"User enters valid password 'Selenium@123'","match":{"arguments":[{"val":"'Selenium@123'","offset":27}],"location":"step_definitions.Login.user_enters_valid_password(java.lang.String)"},"keyword":"And "},{"result":{"error_message":"org.openqa.selenium.NoSuchElementException: no such element: Unable to locate element: {\"method\":\"link text\",\"selector\":\"Edit your account information\"}\n  (Session info: chrome=119.0.6045.160)\nFor documentation on this error, please visit: https://www.selenium.dev/documentation/webdriver/troubleshooting/errors#no-such-element-exception\nBuild info: version: '4.15.0', revision: '1d14b5521b'\nSystem info: os.name: 'Windows 11', os.arch: 'amd64', os.version: '10.0', java.version: '17.0.7'\nDriver info: org.openqa.selenium.chrome.ChromeDriver\nCommand: [343b85f8a4e0d5af391c9d51840fc3b6, findElement {using=link text, value=Edit your account information}]\nCapabilities {acceptInsecureCerts: false, browserName: chrome, browserVersion: 119.0.6045.160, chrome: {chromedriverVersion: 119.0.6045.105 (38c72552c5e..., userDataDir: C:\\Users\\autom\\AppData\\Loca...}, fedcm:accounts: true, goog:chromeOptions: {debuggerAddress: localhost:53637}, networkConnectionEnabled: false, pageLoadStrategy: normal, platformName: windows, proxy: Proxy(), se:cdp: ws://localhost:53637/devtoo..., se:cdpVersion: 119.0.6045.160, setWindowRect: true, strictFileInteractability: false, timeouts: {implicit: 0, pageLoad: 300000, script: 30000}, unhandledPromptBehavior: dismiss and notify, webauthn:extension:credBlob: true, webauthn:extension:largeBlob: true, webauthn:extension:minPinLength: true, webauthn:extension:prf: true, webauthn:virtualAuthenticators: true}\nSession ID: 343b85f8a4e0d5af391c9d51840fc3b6\r\n\tat java.base/jdk.internal.reflect.NativeConstructorAccessorImpl.newInstance0(Native Method)\r\n\tat java.base/jdk.internal.reflect.NativeConstructorAccessorImpl.newInstance(NativeConstructorAccessorImpl.java:77)\r\n\tat java.base/jdk.internal.reflect.DelegatingConstructorAccessorImpl.newInstance(DelegatingConstructorAccessorImpl.java:45)\r\n\tat java.base/java.lang.reflect.Constructor.newInstanceWithCaller(Constructor.java:499)\r\n\tat java.base/java.lang.reflect.Constructor.newInstance(Constructor.java:480)\r\n\tat org.openqa.selenium.remote.codec.w3c.W3CHttpResponseCodec.createException(W3CHttpResponseCodec.java:200)\r\n\tat org.openqa.selenium.remote.codec.w3c.W3CHttpResponseCodec.decode(W3CHttpResponseCodec.java:133)\r\n\tat org.openqa.selenium.remote.codec.w3c.W3CHttpResponseCodec.decode(W3CHttpResponseCodec.java:52)\r\n\tat org.openqa.selenium.remote.HttpCommandExecutor.execute(HttpCommandExecutor.java:191)\r\n\tat org.openqa.selenium.remote.service.DriverCommandExecutor.invokeExecute(DriverCommandExecutor.java:200)\r\n\tat org.openqa.selenium.remote.service.DriverCommandExecutor.execute(DriverCommandExecutor.java:175)\r\n\tat org.openqa.selenium.remote.RemoteWebDriver.execute(RemoteWebDriver.java:607)\r\n\tat org.openqa.selenium.remote.ElementLocation$ElementFinder$2.findElement(ElementLocation.java:165)\r\n\tat org.openqa.selenium.remote.ElementLocation.findElement(ElementLocation.java:59)\r\n\tat org.openqa.selenium.remote.RemoteWebDriver.findElement(RemoteWebDriver.java:364)\r\n\tat org.openqa.selenium.remote.RemoteWebDriver.findElement(RemoteWebDriver.java:358)\r\n\tat step_definitions.Login.user_is_navigated_to_accountpage(Login.java:44)\r\n\tat ✽.User is navigated to AccountPage(file:///C:/Users/autom/eclipse-workspace/BDD_CUCUMBER/src/test/resources/feature_files/Login.feature:12)\r\n","duration":20074662500,"status":"failed"},"line":12,"name":"User is navigated to AccountPage","match":{"location":"step_definitions.Login.user_is_navigated_to_accountpage()"},"keyword":"Then "}],"tags":[{"name":"@TutorialsNinjaLogin"},{"name":"@ValidCredentials"}]},{"line":4,"name":"Trying to remove the repititive step present in all scenarios","description":"","type":"background","keyword":"Background","steps":[{"result":{"duration":517471500,"status":"passed"},"line":5,"name":"User navigates to LoginPage","match":{"arguments":[{"val":"navigates","offset":5}],"location":"step_definitions.Login.user_navigates_to_loginpage(java.lang.String)"},"keyword":"Given "},{"result":{"duration":483289200,"status":"passed"},"line":6,"name":"User clicks on Login button","match":{"location":"step_definitions.Login.user_clicks_on_login_button()"},"keyword":"And "}]},{"start_timestamp":"2023-11-25T19:31:26.667Z","before":[{"result":{"duration":5230868100,"status":"passed"},"match":{"location":"com.bdd.learning.Hooks.MyHooks.setup()"}}],"line":15,"name":"Login with invalid credentials","description":"","id":"login-functionality-of-tutorialsninja;login-with-invalid-credentials","after":[{"result":{"duration":68341300,"status":"passed"},"match":{"location":"com.bdd.learning.Hooks.MyHooks.tearDown()"}}],"type":"scenario","keyword":"Scenario","steps":[{"result":{"duration":126878900,"status":"passed"},"line":16,"name":"User enters invalid email 'seleniumpandahelloworld@gmail.com'","match":{"arguments":[{"val":"'seleniumpandahelloworld@gmail.com'","offset":26}],"location":"step_definitions.Login.user_enters_invalid_email(java.lang.String)"},"keyword":"When "},{"result":{"duration":53030200,"status":"passed"},"line":17,"name":"User enters invalid password 'Selenium@123456'","match":{"arguments":[{"val":"'Selenium@123456'","offset":29}],"location":"step_definitions.Login.user_enters_invalid_password(java.lang.String)"},"keyword":"And "},{"result":{"duration":36577000,"status":"passed"},"line":18,"name":"User gets warning message about credentials mismatch","match":{"location":"step_definitions.Login.user_gets_warning_message_about_credentials_mismatch()"},"keyword":"Then "}],"tags":[{"name":"@TutorialsNinjaLogin"},{"name":"@InvalidCredentials"}]},{"line":4,"name":"Trying to remove the repititive step present in all scenarios","description":"","type":"background","keyword":"Background","steps":[{"result":{"duration":433763100,"status":"passed"},"line":5,"name":"User navigates to LoginPage","match":{"arguments":[{"val":"navigates","offset":5}],"location":"step_definitions.Login.user_navigates_to_loginpage(java.lang.String)"},"keyword":"Given "},{"result":{"duration":408169400,"status":"passed"},"line":6,"name":"User clicks on Login button","match":{"location":"step_definitions.Login.user_clicks_on_login_button()"},"keyword":"And "}]},{"start_timestamp":"2023-11-25T19:31:33.195Z","before":[{"result":{"duration":4594001600,"status":"passed"},"match":{"location":"com.bdd.learning.Hooks.MyHooks.setup()"}}],"line":21,"name":"Login with valid email and invalid password","description":"","id":"login-functionality-of-tutorialsninja;login-with-valid-email-and-invalid-password","after":[{"result":{"duration":79719900,"status":"passed"},"match":{"location":"com.bdd.learning.Hooks.MyHooks.tearDown()"}}],"type":"scenario","keyword":"Scenario","steps":[{"result":{"duration":107276400,"status":"passed"},"line":22,"name":"User enters valid email 'seleniumpanda@gmail.com'","match":{"arguments":[{"val":"'seleniumpanda@gmail.com'","offset":24}],"location":"step_definitions.Login.user_enters_valid_email(java.lang.String)"},"keyword":"When "},{"result":{"duration":50032000,"status":"passed"},"line":23,"name":"User enters invalid password 'Selenium@123456'","match":{"arguments":[{"val":"'Selenium@123456'","offset":29}],"location":"step_definitions.Login.user_enters_invalid_password(java.lang.String)"},"keyword":"And "},{"result":{"duration":29934800,"status":"passed"},"line":24,"name":"User gets warning message about credentials mismatch","match":{"location":"step_definitions.Login.user_gets_warning_message_about_credentials_mismatch()"},"keyword":"Then "}],"tags":[{"name":"@TutorialsNinjaLogin"},{"name":"@ValidEmailInvalidPassword"}]},{"line":4,"name":"Trying to remove the repititive step present in all scenarios","description":"","type":"background","keyword":"Background","steps":[{"result":{"duration":463250400,"status":"passed"},"line":5,"name":"User navigates to LoginPage","match":{"arguments":[{"val":"navigates","offset":5}],"location":"step_definitions.Login.user_navigates_to_loginpage(java.lang.String)"},"keyword":"Given "},{"result":{"duration":435650600,"status":"passed"},"line":6,"name":"User clicks on Login button","match":{"location":"step_definitions.Login.user_clicks_on_login_button()"},"keyword":"And "}]},{"start_timestamp":"2023-11-25T19:31:38.912Z","before":[{"result":{"duration":4743775200,"status":"passed"},"match":{"location":"com.bdd.learning.Hooks.MyHooks.setup()"}}],"line":27,"name":"Login with invalid email and valid password","description":"","id":"login-functionality-of-tutorialsninja;login-with-invalid-email-and-valid-password","after":[{"result":{"duration":76698100,"status":"passed"},"match":{"location":"com.bdd.learning.Hooks.MyHooks.tearDown()"}}],"type":"scenario","keyword":"Scenario","steps":[{"result":{"duration":125980700,"status":"passed"},"line":28,"name":"User enters invalid email 'seleniumpandahelloworld@gmail.com'","match":{"arguments":[{"val":"'seleniumpandahelloworld@gmail.com'","offset":26}],"location":"step_definitions.Login.user_enters_invalid_email(java.lang.String)"},"keyword":"When "},{"result":{"duration":71406000,"status":"passed"},"line":29,"name":"User enters valid password 'Selenium@123'","match":{"arguments":[{"val":"'Selenium@123'","offset":27}],"location":"step_definitions.Login.user_enters_valid_password(java.lang.String)"},"keyword":"And "},{"result":{"duration":19840100,"status":"passed"},"line":30,"name":"User gets warning message about credentials mismatch","match":{"location":"step_definitions.Login.user_gets_warning_message_about_credentials_mismatch()"},"keyword":"Then "}],"tags":[{"name":"@TutorialsNinjaLogin"},{"name":"@InvalidEmailValidPassword"}]},{"line":4,"name":"Trying to remove the repititive step present in all scenarios","description":"","type":"background","keyword":"Background","steps":[{"result":{"duration":591383600,"status":"passed"},"line":5,"name":"User navigates to LoginPage","match":{"arguments":[{"val":"navigates","offset":5}],"location":"step_definitions.Login.user_navigates_to_loginpage(java.lang.String)"},"keyword":"Given "},{"result":{"duration":501551500,"status":"passed"},"line":6,"name":"User clicks on Login button","match":{"location":"step_definitions.Login.user_clicks_on_login_button()"},"keyword":"And "}]},{"start_timestamp":"2023-11-25T19:31:44.856Z","before":[{"result":{"duration":5453343200,"status":"passed"},"match":{"location":"com.bdd.learning.Hooks.MyHooks.setup()"}}],"line":33,"name":"Login without credential","description":"","id":"login-functionality-of-tutorialsninja;login-without-credential","after":[{"result":{"duration":118509600,"status":"passed"},"match":{"location":"com.bdd.learning.Hooks.MyHooks.tearDown()"}}],"type":"scenario","keyword":"Scenario","steps":[{"result":{"duration":68769600,"status":"passed"},"line":34,"name":"User gets warning message about credentials mismatch","match":{"location":"step_definitions.Login.user_gets_warning_message_about_credentials_mismatch()"},"keyword":"Then "}],"tags":[{"name":"@TutorialsNinjaLogin"},{"name":"@NoCredentials"}]}],"name":"Login functionality of TutorialsNinja","description":"","id":"login-functionality-of-tutorialsninja","keyword":"Feature","uri":"file:src/test/resources/feature_files/Login.feature","tags":[{"name":"@TutorialsNinjaLogin","type":"Tag","location":{"line":1,"column":1}}]},{"line":2,"elements":[{"line":4,"name":"Trying to remove the repititive step present in all scenarios","description":"","type":"background","keyword":"Background","steps":[{"result":{"duration":857681900,"status":"passed"},"line":5,"name":"User navigates to RegisterPage","match":{"location":"step_definitions.Register.user_navigates_to_register_page()"},"keyword":"Given "},{"result":{"duration":513712500,"status":"passed"},"line":6,"name":"User clicks on Continue button","match":{"location":"step_definitions.Register.user_clicks_on_continue_button()"},"keyword":"And "}]},{"start_timestamp":"2023-11-25T19:31:51.610Z","before":[{"result":{"duration":7179664100,"status":"passed"},"match":{"location":"com.bdd.learning.Hooks.MyHooks.setup()"}}],"line":9,"name":"Register with mandatory fields","description":"","id":"register-functionality-of-tutorialsninja;register-with-mandatory-fields","after":[{"result":{"duration":190138500,"status":"passed"},"match":{"location":"com.bdd.learning.Hooks.MyHooks.tearDown()"}}],"type":"scenario","keyword":"Scenario","steps":[{"result":{"duration":779961100,"status":"passed"},"line":10,"name":"User enters below mandatory fields","match":{"location":"step_definitions.Register.user_enters_below_mandatory_fields(io.cucumber.datatable.DataTable)"},"rows":[{"cells":["firstname","Selenium"]},{"cells":["lastname","Panda"]},{"cells":["telephone","9876543210"]},{"cells":["password","Selenium@123"]},{"cells":["confirmpassword","Selenium@123"]}],"keyword":"When "},{"result":{"duration":75412400,"status":"passed"},"line":16,"name":"User selects PrivacyPolicy checkbox","match":{"location":"step_definitions.Register.user_selects_privacy_policy_checkbox()"},"keyword":"And "},{"result":{"error_message":"org.openqa.selenium.NoSuchElementException: no such element: Unable to locate element: {\"method\":\"xpath\",\"selector\":\"//p[contains(text(), 'Congratulations! Your new account has been successfully created!')]\"}\n  (Session info: chrome=119.0.6045.160)\nFor documentation on this error, please visit: https://www.selenium.dev/documentation/webdriver/troubleshooting/errors#no-such-element-exception\nBuild info: version: '4.15.0', revision: '1d14b5521b'\nSystem info: os.name: 'Windows 11', os.arch: 'amd64', os.version: '10.0', java.version: '17.0.7'\nDriver info: org.openqa.selenium.chrome.ChromeDriver\nCommand: [c3ea6035630dcdfaf2b6b1ab121c809c, findElement {using=xpath, value=//p[contains(text(), 'Congratulations! Your new account has been successfully created!')]}]\nCapabilities {acceptInsecureCerts: false, browserName: chrome, browserVersion: 119.0.6045.160, chrome: {chromedriverVersion: 119.0.6045.105 (38c72552c5e..., userDataDir: C:\\Users\\autom\\AppData\\Loca...}, fedcm:accounts: true, goog:chromeOptions: {debuggerAddress: localhost:53794}, networkConnectionEnabled: false, pageLoadStrategy: normal, platformName: windows, proxy: Proxy(), se:cdp: ws://localhost:53794/devtoo..., se:cdpVersion: 119.0.6045.160, setWindowRect: true, strictFileInteractability: false, timeouts: {implicit: 0, pageLoad: 300000, script: 30000}, unhandledPromptBehavior: dismiss and notify, webauthn:extension:credBlob: true, webauthn:extension:largeBlob: true, webauthn:extension:minPinLength: true, webauthn:extension:prf: true, webauthn:virtualAuthenticators: true}\nSession ID: c3ea6035630dcdfaf2b6b1ab121c809c\r\n\tat java.base/jdk.internal.reflect.NativeConstructorAccessorImpl.newInstance0(Native Method)\r\n\tat java.base/jdk.internal.reflect.NativeConstructorAccessorImpl.newInstance(NativeConstructorAccessorImpl.java:77)\r\n\tat java.base/jdk.internal.reflect.DelegatingConstructorAccessorImpl.newInstance(DelegatingConstructorAccessorImpl.java:45)\r\n\tat java.base/java.lang.reflect.Constructor.newInstanceWithCaller(Constructor.java:499)\r\n\tat java.base/java.lang.reflect.Constructor.newInstance(Constructor.java:480)\r\n\tat org.openqa.selenium.remote.codec.w3c.W3CHttpResponseCodec.createException(W3CHttpResponseCodec.java:200)\r\n\tat org.openqa.selenium.remote.codec.w3c.W3CHttpResponseCodec.decode(W3CHttpResponseCodec.java:133)\r\n\tat org.openqa.selenium.remote.codec.w3c.W3CHttpResponseCodec.decode(W3CHttpResponseCodec.java:52)\r\n\tat org.openqa.selenium.remote.HttpCommandExecutor.execute(HttpCommandExecutor.java:191)\r\n\tat org.openqa.selenium.remote.service.DriverCommandExecutor.invokeExecute(DriverCommandExecutor.java:200)\r\n\tat org.openqa.selenium.remote.service.DriverCommandExecutor.execute(DriverCommandExecutor.java:175)\r\n\tat org.openqa.selenium.remote.RemoteWebDriver.execute(RemoteWebDriver.java:607)\r\n\tat org.openqa.selenium.remote.ElementLocation$ElementFinder$2.findElement(ElementLocation.java:165)\r\n\tat org.openqa.selenium.remote.ElementLocation.findElement(ElementLocation.java:59)\r\n\tat org.openqa.selenium.remote.RemoteWebDriver.findElement(RemoteWebDriver.java:364)\r\n\tat org.openqa.selenium.remote.RemoteWebDriver.findElement(RemoteWebDriver.java:358)\r\n\tat step_definitions.Register.user_account_gets_created_successfully(Register.java:71)\r\n\tat ✽.User account gets created successfully(file:///C:/Users/autom/eclipse-workspace/BDD_CUCUMBER/src/test/resources/feature_files/Register.feature:17)\r\n","duration":20019922900,"status":"failed"},"line":17,"name":"User account gets created successfully","match":{"location":"step_definitions.Register.user_account_gets_created_successfully()"},"keyword":"Then "}],"tags":[{"name":"@TutorialsNinjaRegister"},{"name":"@MandatoryFields"}]},{"line":4,"name":"Trying to remove the repititive step present in all scenarios","description":"","type":"background","keyword":"Background","steps":[{"result":{"duration":1016865000,"status":"passed"},"line":5,"name":"User navigates to RegisterPage","match":{"location":"step_definitions.Register.user_navigates_to_register_page()"},"keyword":"Given "},{"result":{"duration":556835500,"status":"passed"},"line":6,"name":"User clicks on Continue button","match":{"location":"step_definitions.Register.user_clicks_on_continue_button()"},"keyword":"And "}]},{"start_timestamp":"2023-11-25T19:32:21.244Z","before":[{"result":{"duration":5899228700,"status":"passed"},"match":{"location":"com.bdd.learning.Hooks.MyHooks.setup()"}}],"line":21,"name":"Register with all fields","description":"","id":"register-functionality-of-tutorialsninja;register-with-all-fields","after":[{"result":{"duration":186771000,"status":"passed"},"match":{"location":"com.bdd.learning.Hooks.MyHooks.tearDown()"}}],"type":"scenario","keyword":"Scenario","steps":[{"result":{"duration":741935900,"status":"passed"},"line":22,"name":"User enters below all fields","match":{"location":"step_definitions.Register.user_enters_below_all_fields(io.cucumber.datatable.DataTable)"},"rows":[{"cells":["firstname","Selenium"]},{"cells":["lastname","Panda"]},{"cells":["telephone","9876543210"]},{"cells":["password","Selenium@123"]},{"cells":["confirmpassword","Selenium@123"]}],"keyword":"When "},{"result":{"duration":76307000,"status":"passed"},"line":28,"name":"User selects Yes for newsletter","match":{"location":"step_definitions.Register.user_selects_yes_for_newsletter()"},"keyword":"And "},{"result":{"duration":68133600,"status":"passed"},"line":29,"name":"User selects PrivacyPolicy checkbox","match":{"location":"step_definitions.Register.user_selects_privacy_policy_checkbox()"},"keyword":"And "},{"result":{"error_message":"org.openqa.selenium.NoSuchElementException: no such element: Unable to locate element: {\"method\":\"xpath\",\"selector\":\"//p[contains(text(), 'Congratulations! Your new account has been successfully created!')]\"}\n  (Session info: chrome=119.0.6045.160)\nFor documentation on this error, please visit: https://www.selenium.dev/documentation/webdriver/troubleshooting/errors#no-such-element-exception\nBuild info: version: '4.15.0', revision: '1d14b5521b'\nSystem info: os.name: 'Windows 11', os.arch: 'amd64', os.version: '10.0', java.version: '17.0.7'\nDriver info: org.openqa.selenium.chrome.ChromeDriver\nCommand: [e6d79cec76d14623ef5179783ed785b0, findElement {using=xpath, value=//p[contains(text(), 'Congratulations! Your new account has been successfully created!')]}]\nCapabilities {acceptInsecureCerts: false, browserName: chrome, browserVersion: 119.0.6045.160, chrome: {chromedriverVersion: 119.0.6045.105 (38c72552c5e..., userDataDir: C:\\Users\\autom\\AppData\\Loca...}, fedcm:accounts: true, goog:chromeOptions: {debuggerAddress: localhost:53836}, networkConnectionEnabled: false, pageLoadStrategy: normal, platformName: windows, proxy: Proxy(), se:cdp: ws://localhost:53836/devtoo..., se:cdpVersion: 119.0.6045.160, setWindowRect: true, strictFileInteractability: false, timeouts: {implicit: 0, pageLoad: 300000, script: 30000}, unhandledPromptBehavior: dismiss and notify, webauthn:extension:credBlob: true, webauthn:extension:largeBlob: true, webauthn:extension:minPinLength: true, webauthn:extension:prf: true, webauthn:virtualAuthenticators: true}\nSession ID: e6d79cec76d14623ef5179783ed785b0\r\n\tat java.base/jdk.internal.reflect.NativeConstructorAccessorImpl.newInstance0(Native Method)\r\n\tat java.base/jdk.internal.reflect.NativeConstructorAccessorImpl.newInstance(NativeConstructorAccessorImpl.java:77)\r\n\tat java.base/jdk.internal.reflect.DelegatingConstructorAccessorImpl.newInstance(DelegatingConstructorAccessorImpl.java:45)\r\n\tat java.base/java.lang.reflect.Constructor.newInstanceWithCaller(Constructor.java:499)\r\n\tat java.base/java.lang.reflect.Constructor.newInstance(Constructor.java:480)\r\n\tat org.openqa.selenium.remote.codec.w3c.W3CHttpResponseCodec.createException(W3CHttpResponseCodec.java:200)\r\n\tat org.openqa.selenium.remote.codec.w3c.W3CHttpResponseCodec.decode(W3CHttpResponseCodec.java:133)\r\n\tat org.openqa.selenium.remote.codec.w3c.W3CHttpResponseCodec.decode(W3CHttpResponseCodec.java:52)\r\n\tat org.openqa.selenium.remote.HttpCommandExecutor.execute(HttpCommandExecutor.java:191)\r\n\tat org.openqa.selenium.remote.service.DriverCommandExecutor.invokeExecute(DriverCommandExecutor.java:200)\r\n\tat org.openqa.selenium.remote.service.DriverCommandExecutor.execute(DriverCommandExecutor.java:175)\r\n\tat org.openqa.selenium.remote.RemoteWebDriver.execute(RemoteWebDriver.java:607)\r\n\tat org.openqa.selenium.remote.ElementLocation$ElementFinder$2.findElement(ElementLocation.java:165)\r\n\tat org.openqa.selenium.remote.ElementLocation.findElement(ElementLocation.java:59)\r\n\tat org.openqa.selenium.remote.RemoteWebDriver.findElement(RemoteWebDriver.java:364)\r\n\tat org.openqa.selenium.remote.RemoteWebDriver.findElement(RemoteWebDriver.java:358)\r\n\tat step_definitions.Register.user_account_gets_created_successfully(Register.java:71)\r\n\tat ✽.User account gets created successfully(file:///C:/Users/autom/eclipse-workspace/BDD_CUCUMBER/src/test/resources/feature_files/Register.feature:30)\r\n","duration":20011996200,"status":"failed"},"line":30,"name":"User account gets created successfully","match":{"location":"step_definitions.Register.user_account_gets_created_successfully()"},"keyword":"Then "}],"tags":[{"name":"@TutorialsNinjaRegister"},{"name":"@AllFields"}]},{"line":4,"name":"Trying to remove the repititive step present in all scenarios","description":"","type":"background","keyword":"Background","steps":[{"result":{"duration":796654600,"status":"passed"},"line":5,"name":"User navigates to RegisterPage","match":{"location":"step_definitions.Register.user_navigates_to_register_page()"},"keyword":"Given "},{"result":{"duration":457021500,"status":"passed"},"line":6,"name":"User clicks on Continue button","match":{"location":"step_definitions.Register.user_clicks_on_continue_button()"},"keyword":"And "}]},{"start_timestamp":"2023-11-25T19:32:49.818Z","before":[{"result":{"duration":5115234900,"status":"passed"},"match":{"location":"com.bdd.learning.Hooks.MyHooks.setup()"}}],"line":35,"name":"Register with existing email","description":"","id":"register-functionality-of-tutorialsninja;register-with-existing-email","after":[{"result":{"duration":112003000,"status":"passed"},"match":{"location":"com.bdd.learning.Hooks.MyHooks.tearDown()"}}],"type":"scenario","keyword":"Scenario","steps":[{"result":{"duration":671575200,"status":"passed"},"line":36,"name":"User enters below all fields with existing email","match":{"location":"step_definitions.Register.user_enters_below_all_fields_with_existing_email(io.cucumber.datatable.DataTable)"},"rows":[{"cells":["firstname","Selenium"]},{"cells":["lastname","Panda"]},{"cells":["email","seleniumpanda@gmail.com"]},{"cells":["telephone","9876543210"]},{"cells":["password","Selenium@123"]},{"cells":["confirmpassword","Selenium@123"]}],"keyword":"When "},{"result":{"duration":84525600,"status":"passed"},"line":43,"name":"User selects Yes for newsletter","match":{"location":"step_definitions.Register.user_selects_yes_for_newsletter()"},"keyword":"And "},{"result":{"duration":66385100,"status":"passed"},"line":44,"name":"User selects PrivacyPolicy checkbox","match":{"location":"step_definitions.Register.user_selects_privacy_policy_checkbox()"},"keyword":"And "},{"result":{"error_message":"java.lang.AssertionError: expected [true] but found [false]\r\n\tat org.testng.Assert.fail(Assert.java:111)\r\n\tat org.testng.Assert.failNotEquals(Assert.java:1578)\r\n\tat org.testng.Assert.assertTrue(Assert.java:57)\r\n\tat org.testng.Assert.assertTrue(Assert.java:67)\r\n\tat step_definitions.Register.user_gets_warning_message_of_duplicate_email(Register.java:83)\r\n\tat ✽.User gets warning message of duplicate email(file:///C:/Users/autom/eclipse-workspace/BDD_CUCUMBER/src/test/resources/feature_files/Register.feature:45)\r\n","duration":47984000,"status":"failed"},"line":45,"name":"User gets warning message of duplicate email","match":{"location":"step_definitions.Register.user_gets_warning_message_of_duplicate_email()"},"keyword":"Then "}],"tags":[{"name":"@TutorialsNinjaRegister"},{"name":"@DuplicateEmail"}]},{"line":4,"name":"Trying to remove the repititive step present in all scenarios","description":"","type":"background","keyword":"Background","steps":[{"result":{"duration":836094400,"status":"passed"},"line":5,"name":"User navigates to RegisterPage","match":{"location":"step_definitions.Register.user_navigates_to_register_page()"},"keyword":"Given "},{"result":{"duration":504868100,"status":"passed"},"line":6,"name":"User clicks on Continue button","match":{"location":"step_definitions.Register.user_clicks_on_continue_button()"},"keyword":"And "}]},{"start_timestamp":"2023-11-25T19:32:57.176Z","before":[{"result":{"duration":5748601500,"status":"passed"},"match":{"location":"com.bdd.learning.Hooks.MyHooks.setup()"}}],"line":49,"name":"Register with no fields","description":"","id":"register-functionality-of-tutorialsninja;register-with-no-fields","after":[{"result":{"duration":111303800,"status":"passed"},"match":{"location":"com.bdd.learning.Hooks.MyHooks.tearDown()"}}],"type":"scenario","keyword":"Scenario","steps":[{"result":{"error_message":"java.lang.AssertionError: expected [true] but found [false]\r\n\tat org.testng.Assert.fail(Assert.java:111)\r\n\tat org.testng.Assert.failNotEquals(Assert.java:1578)\r\n\tat org.testng.Assert.assertTrue(Assert.java:57)\r\n\tat org.testng.Assert.assertTrue(Assert.java:67)\r\n\tat step_definitions.Register.user_gets_warning_message_for_mandatory_fields(Register.java:88)\r\n\tat ✽.User gets warning message for mandatory fields(file:///C:/Users/autom/eclipse-workspace/BDD_CUCUMBER/src/test/resources/feature_files/Register.feature:50)\r\n","duration":45942100,"status":"failed"},"line":50,"name":"User gets warning message for mandatory fields","match":{"location":"step_definitions.Register.user_gets_warning_message_for_mandatory_fields()"},"keyword":"Then "}],"tags":[{"name":"@TutorialsNinjaRegister"},{"name":"@NoFields"}]}],"name":"Register functionality of TutorialsNinja","description":"","id":"register-functionality-of-tutorialsninja","keyword":"Feature","uri":"file:src/test/resources/feature_files/Register.feature","tags":[{"name":"@TutorialsNinjaRegister","type":"Tag","location":{"line":1,"column":1}}]},{"line":2,"elements":[{"line":4,"name":"Trying to remove the repititive step present in all scenarios","description":"","type":"background","keyword":"Background","steps":[{"result":{"status":"passed"},"line":5,"name":"User opens the application","match":{"location":"step_definitions.SearchProduct.user_opens_the_application()"},"keyword":"Given "},{"result":{"duration":533170000,"status":"passed"},"line":6,"name":"User clicks on the search button","match":{"location":"step_definitions.SearchProduct.user_clicks_on_the_search_button()"},"keyword":"And "}]},{"start_timestamp":"2023-11-25T19:33:04.432Z","before":[{"result":{"duration":5840290600,"status":"passed"},"match":{"location":"com.bdd.learning.Hooks.MyHooks.setup()"}}],"line":9,"name":"Search with valid Product","description":"","id":"search-product-functionality-of-tutorialsninja;search-with-valid-product","after":[{"result":{"duration":152562700,"status":"passed"},"match":{"location":"com.bdd.learning.Hooks.MyHooks.tearDown()"}}],"type":"scenario","keyword":"Scenario","steps":[{"result":{"duration":108910200,"status":"passed"},"line":10,"name":"User enters the valid product 'HP'","match":{"arguments":[{"val":"'HP'","offset":30}],"location":"step_definitions.SearchProduct.user_enters_the_valid_product(java.lang.String)"},"keyword":"When "},{"result":{"error_message":"org.openqa.selenium.NoSuchElementException: no such element: Unable to locate element: {\"method\":\"link text\",\"selector\":\"HP LP3065\"}\n  (Session info: chrome=119.0.6045.160)\nFor documentation on this error, please visit: https://www.selenium.dev/documentation/webdriver/troubleshooting/errors#no-such-element-exception\nBuild info: version: '4.15.0', revision: '1d14b5521b'\nSystem info: os.name: 'Windows 11', os.arch: 'amd64', os.version: '10.0', java.version: '17.0.7'\nDriver info: org.openqa.selenium.chrome.ChromeDriver\nCommand: [76789547b8e4a01b7a8cea9c592c3d4c, findElement {using=link text, value=HP LP3065}]\nCapabilities {acceptInsecureCerts: false, browserName: chrome, browserVersion: 119.0.6045.160, chrome: {chromedriverVersion: 119.0.6045.105 (38c72552c5e..., userDataDir: C:\\Users\\autom\\AppData\\Loca...}, fedcm:accounts: true, goog:chromeOptions: {debuggerAddress: localhost:53940}, networkConnectionEnabled: false, pageLoadStrategy: normal, platformName: windows, proxy: Proxy(), se:cdp: ws://localhost:53940/devtoo..., se:cdpVersion: 119.0.6045.160, setWindowRect: true, strictFileInteractability: false, timeouts: {implicit: 0, pageLoad: 300000, script: 30000}, unhandledPromptBehavior: dismiss and notify, webauthn:extension:credBlob: true, webauthn:extension:largeBlob: true, webauthn:extension:minPinLength: true, webauthn:extension:prf: true, webauthn:virtualAuthenticators: true}\nSession ID: 76789547b8e4a01b7a8cea9c592c3d4c\r\n\tat java.base/jdk.internal.reflect.NativeConstructorAccessorImpl.newInstance0(Native Method)\r\n\tat java.base/jdk.internal.reflect.NativeConstructorAccessorImpl.newInstance(NativeConstructorAccessorImpl.java:77)\r\n\tat java.base/jdk.internal.reflect.DelegatingConstructorAccessorImpl.newInstance(DelegatingConstructorAccessorImpl.java:45)\r\n\tat java.base/java.lang.reflect.Constructor.newInstanceWithCaller(Constructor.java:499)\r\n\tat java.base/java.lang.reflect.Constructor.newInstance(Constructor.java:480)\r\n\tat org.openqa.selenium.remote.codec.w3c.W3CHttpResponseCodec.createException(W3CHttpResponseCodec.java:200)\r\n\tat org.openqa.selenium.remote.codec.w3c.W3CHttpResponseCodec.decode(W3CHttpResponseCodec.java:133)\r\n\tat org.openqa.selenium.remote.codec.w3c.W3CHttpResponseCodec.decode(W3CHttpResponseCodec.java:52)\r\n\tat org.openqa.selenium.remote.HttpCommandExecutor.execute(HttpCommandExecutor.java:191)\r\n\tat org.openqa.selenium.remote.service.DriverCommandExecutor.invokeExecute(DriverCommandExecutor.java:200)\r\n\tat org.openqa.selenium.remote.service.DriverCommandExecutor.execute(DriverCommandExecutor.java:175)\r\n\tat org.openqa.selenium.remote.RemoteWebDriver.execute(RemoteWebDriver.java:607)\r\n\tat org.openqa.selenium.remote.ElementLocation$ElementFinder$2.findElement(ElementLocation.java:165)\r\n\tat org.openqa.selenium.remote.ElementLocation.findElement(ElementLocation.java:59)\r\n\tat org.openqa.selenium.remote.RemoteWebDriver.findElement(RemoteWebDriver.java:364)\r\n\tat org.openqa.selenium.remote.RemoteWebDriver.findElement(RemoteWebDriver.java:358)\r\n\tat step_definitions.SearchProduct.user_gets_valid_product_info_display_in_search_page(SearchProduct.java:37)\r\n\tat ✽.User gets valid product info display in SearchPage(file:///C:/Users/autom/eclipse-workspace/BDD_CUCUMBER/src/test/resources/feature_files/SearchProduct.feature:11)\r\n","duration":20070210800,"status":"failed"},"line":11,"name":"User gets valid product info display in SearchPage","match":{"location":"step_definitions.SearchProduct.user_gets_valid_product_info_display_in_search_page()"},"keyword":"Then "}],"tags":[{"name":"@TutorialsNinjaSearchProduct"},{"name":"@ValidProduct"}]},{"line":4,"name":"Trying to remove the repititive step present in all scenarios","description":"","type":"background","keyword":"Background","steps":[{"result":{"status":"passed"},"line":5,"name":"User opens the application","match":{"location":"step_definitions.SearchProduct.user_opens_the_application()"},"keyword":"Given "},{"result":{"duration":491198800,"status":"passed"},"line":6,"name":"User clicks on the search button","match":{"location":"step_definitions.SearchProduct.user_clicks_on_the_search_button()"},"keyword":"And "}]},{"start_timestamp":"2023-11-25T19:33:31.146Z","before":[{"result":{"duration":5768394700,"status":"passed"},"match":{"location":"com.bdd.learning.Hooks.MyHooks.setup()"}}],"line":15,"name":"Search with invalid Product","description":"","id":"search-product-functionality-of-tutorialsninja;search-with-invalid-product","after":[{"result":{"duration":111929800,"status":"passed"},"match":{"location":"com.bdd.learning.Hooks.MyHooks.tearDown()"}}],"type":"scenario","keyword":"Scenario","steps":[{"result":{"duration":112588300,"status":"passed"},"line":16,"name":"User enters the invalid product 'DELL'","match":{"arguments":[{"val":"'DELL'","offset":32}],"location":"step_definitions.SearchProduct.user_enters_the_invalid_product(java.lang.String)"},"keyword":"When "},{"result":{"duration":63227200,"status":"passed"},"line":17,"name":"User gets warning message","match":{"location":"step_definitions.SearchProduct.user_gets_warning_message()"},"keyword":"Then "}],"tags":[{"name":"@TutorialsNinjaSearchProduct"},{"name":"@InvalidProduct"}]},{"line":4,"name":"Trying to remove the repititive step present in all scenarios","description":"","type":"background","keyword":"Background","steps":[{"result":{"status":"passed"},"line":5,"name":"User opens the application","match":{"location":"step_definitions.SearchProduct.user_opens_the_application()"},"keyword":"Given "},{"result":{"duration":503786800,"status":"passed"},"line":6,"name":"User clicks on the search button","match":{"location":"step_definitions.SearchProduct.user_clicks_on_the_search_button()"},"keyword":"And "}]},{"start_timestamp":"2023-11-25T19:33:37.704Z","before":[{"result":{"duration":5874366200,"status":"passed"},"match":{"location":"com.bdd.learning.Hooks.MyHooks.setup()"}}],"line":21,"name":"Search with no Product","description":"","id":"search-product-functionality-of-tutorialsninja;search-with-no-product","after":[{"result":{"duration":147839400,"status":"passed"},"match":{"location":"com.bdd.learning.Hooks.MyHooks.tearDown()"}}],"type":"scenario","keyword":"Scenario","steps":[{"result":{"duration":41394900,"status":"passed"},"line":22,"name":"User gets warning message","match":{"location":"step_definitions.SearchProduct.user_gets_warning_message()"},"keyword":"Then "}],"tags":[{"name":"@TutorialsNinjaSearchProduct"},{"name":"@NoProduct"}]}],"name":"Search Product functionality of TutorialsNinja","description":"","id":"search-product-functionality-of-tutorialsninja","keyword":"Feature","uri":"file:src/test/resources/feature_files/SearchProduct.feature","tags":[{"name":"@TutorialsNinjaSearchProduct","type":"Tag","location":{"line":1,"column":1}}]}]